d:\1q\timetravel\5_project\window-api-study\windowsproject2\x64\debug\windowsproject2.pch
d:\1q\timetravel\5_project\window-api-study\windowsproject2\x64\debug\vc143.pdb
d:\1q\timetravel\5_project\window-api-study\windowsproject2\x64\debug\vc143.idb
d:\1q\timetravel\5_project\window-api-study\windowsproject2\x64\debug\animation.obj
d:\1q\timetravel\5_project\window-api-study\windowsproject2\x64\debug\animator.obj
d:\1q\timetravel\5_project\window-api-study\windowsproject2\x64\debug\cboard.obj
d:\1q\timetravel\5_project\window-api-study\windowsproject2\x64\debug\cbtnui.obj
d:\1q\timetravel\5_project\window-api-study\windowsproject2\x64\debug\cclock.obj
d:\1q\timetravel\5_project\window-api-study\windowsproject2\x64\debug\cclockconut.obj
d:\1q\timetravel\5_project\window-api-study\windowsproject2\x64\debug\ccollider.obj
d:\1q\timetravel\5_project\window-api-study\windowsproject2\x64\debug\ccollisionmanager.obj
d:\1q\timetravel\5_project\window-api-study\windowsproject2\x64\debug\ccontinue.obj
d:\1q\timetravel\5_project\window-api-study\windowsproject2\x64\debug\ccutscene.obj
d:\1q\timetravel\5_project\window-api-study\windowsproject2\x64\debug\cdoor.obj
d:\1q\timetravel\5_project\window-api-study\windowsproject2\x64\debug\cendscene.obj
d:\1q\timetravel\5_project\window-api-study\windowsproject2\x64\debug\cgameprocess.obj
d:\1q\timetravel\5_project\window-api-study\windowsproject2\x64\debug\ceventmgr.obj
d:\1q\timetravel\5_project\window-api-study\windowsproject2\x64\debug\cfire.obj
d:\1q\timetravel\5_project\window-api-study\windowsproject2\x64\debug\cguardian.obj
d:\1q\timetravel\5_project\window-api-study\windowsproject2\x64\debug\ckeymanager.obj
d:\1q\timetravel\5_project\window-api-study\windowsproject2\x64\debug\clever.obj
d:\1q\timetravel\5_project\window-api-study\windowsproject2\x64\debug\clogo.obj
d:\1q\timetravel\5_project\window-api-study\windowsproject2\x64\debug\cminimap.obj
d:\1q\timetravel\5_project\window-api-study\windowsproject2\x64\debug\cmissile.obj
d:\1q\timetravel\5_project\window-api-study\windowsproject2\x64\debug\cmonster.obj
d:\1q\timetravel\5_project\window-api-study\windowsproject2\x64\debug\cobject.obj
d:\1q\timetravel\5_project\window-api-study\windowsproject2\x64\debug\cpanelui.obj
d:\1q\timetravel\5_project\window-api-study\windowsproject2\x64\debug\cpathmanager.obj
d:\1q\timetravel\5_project\window-api-study\windowsproject2\x64\debug\cplayer.obj
d:\1q\timetravel\5_project\window-api-study\windowsproject2\x64\debug\cpoison.obj
d:\1q\timetravel\5_project\window-api-study\windowsproject2\x64\debug\cpoisoncount.obj
d:\1q\timetravel\5_project\window-api-study\windowsproject2\x64\debug\cpreferences.obj
d:\1q\timetravel\5_project\window-api-study\windowsproject2\x64\debug\cres.obj
d:\1q\timetravel\5_project\window-api-study\windowsproject2\x64\debug\crestart.obj
d:\1q\timetravel\5_project\window-api-study\windowsproject2\x64\debug\cscene.obj
d:\1q\timetravel\5_project\window-api-study\windowsproject2\x64\debug\cscenemanager.obj
d:\1q\timetravel\5_project\window-api-study\windowsproject2\x64\debug\cscene_selcet.obj
d:\1q\timetravel\5_project\window-api-study\windowsproject2\x64\debug\cscene_start.obj
d:\1q\timetravel\5_project\window-api-study\windowsproject2\x64\debug\cscene_title.obj
d:\1q\timetravel\5_project\window-api-study\windowsproject2\x64\debug\cscene_tool.obj
d:\1q\timetravel\5_project\window-api-study\windowsproject2\x64\debug\csound.obj
d:\1q\timetravel\5_project\window-api-study\windowsproject2\x64\debug\cspider.obj
d:\1q\timetravel\5_project\window-api-study\windowsproject2\x64\debug\cstage1_1.obj
d:\1q\timetravel\5_project\window-api-study\windowsproject2\x64\debug\cstage1_2.obj
d:\1q\timetravel\5_project\window-api-study\windowsproject2\x64\debug\cstage1_3.obj
d:\1q\timetravel\5_project\window-api-study\windowsproject2\x64\debug\cstage1_5.obj
d:\1q\timetravel\5_project\window-api-study\windowsproject2\x64\debug\cstage1_6.obj
d:\1q\timetravel\5_project\window-api-study\windowsproject2\x64\debug\cstage1_7.obj
d:\1q\timetravel\5_project\window-api-study\windowsproject2\x64\debug\cstage1_8.obj
d:\1q\timetravel\5_project\window-api-study\windowsproject2\x64\debug\cstage2_1.obj
d:\1q\timetravel\5_project\window-api-study\windowsproject2\x64\debug\cstage2_2.obj
d:\1q\timetravel\5_project\window-api-study\windowsproject2\x64\debug\cstage2_3.obj
d:\1q\timetravel\5_project\window-api-study\windowsproject2\x64\debug\cstage2_4.obj
d:\1q\timetravel\5_project\window-api-study\windowsproject2\x64\debug\cstage2_5.obj
d:\1q\timetravel\5_project\window-api-study\windowsproject2\x64\debug\cstage2_6.obj
d:\1q\timetravel\5_project\window-api-study\windowsproject2\x64\debug\cstage3_1.obj
d:\1q\timetravel\5_project\window-api-study\windowsproject2\x64\debug\cstage3_2.obj
d:\1q\timetravel\5_project\window-api-study\windowsproject2\x64\debug\cstageselcet.obj
d:\1q\timetravel\5_project\window-api-study\windowsproject2\x64\debug\cstage_end.obj
d:\1q\timetravel\5_project\window-api-study\windowsproject2\x64\debug\cstone.obj
d:\1q\timetravel\5_project\window-api-study\windowsproject2\x64\debug\cthron.obj
d:\1q\timetravel\5_project\window-api-study\windowsproject2\x64\debug\ctile.obj
d:\1q\timetravel\5_project\window-api-study\windowsproject2\x64\debug\ctimeguardian.obj
d:\1q\timetravel\5_project\window-api-study\windowsproject2\x64\debug\ctimemgr.obj
d:\1q\timetravel\5_project\window-api-study\windowsproject2\x64\debug\ctrap.obj
d:\1q\timetravel\5_project\window-api-study\windowsproject2\x64\debug\ctraparrow.obj
d:\1q\timetravel\5_project\window-api-study\windowsproject2\x64\debug\ctraptest.obj
d:\1q\timetravel\5_project\window-api-study\windowsproject2\x64\debug\ctrigger.obj
d:\1q\timetravel\5_project\window-api-study\windowsproject2\x64\debug\cui.obj
d:\1q\timetravel\5_project\window-api-study\windowsproject2\x64\debug\cuimgr.obj
d:\1q\timetravel\5_project\window-api-study\windowsproject2\x64\debug\cutsceneobject.obj
d:\1q\timetravel\5_project\window-api-study\windowsproject2\x64\debug\cwhip.obj
d:\1q\timetravel\5_project\window-api-study\windowsproject2\x64\debug\endsceneobject.obj
d:\1q\timetravel\5_project\window-api-study\windowsproject2\x64\debug\func.obj
d:\1q\timetravel\5_project\window-api-study\windowsproject2\x64\debug\cmainmenu.obj
d:\1q\timetravel\5_project\window-api-study\windowsproject2\x64\debug\cgameeixt.obj
d:\1q\timetravel\5_project\window-api-study\windowsproject2\x64\debug\cgamestart.obj
d:\1q\timetravel\5_project\window-api-study\windowsproject2\x64\debug\cpoisontile.obj
d:\1q\timetravel\5_project\window-api-study\windowsproject2\x64\debug\selectgdi.obj
d:\1q\timetravel\5_project\window-api-study\windowsproject2\x64\debug\soundmanager.obj
d:\1q\timetravel\5_project\window-api-study\windowsproject2\x64\debug\stagebtn.obj
d:\1q\timetravel\5_project\window-api-study\windowsproject2\x64\debug\stage1_2btn.obj
d:\1q\timetravel\5_project\window-api-study\windowsproject2\x64\debug\stage1_3btn.obj
d:\1q\timetravel\5_project\window-api-study\windowsproject2\x64\debug\stage1_4btn.obj
d:\1q\timetravel\5_project\window-api-study\windowsproject2\x64\debug\stage1_5btn.obj
d:\1q\timetravel\5_project\window-api-study\windowsproject2\x64\debug\stage1_6btn.obj
d:\1q\timetravel\5_project\window-api-study\windowsproject2\x64\debug\stage1_7btn.obj
d:\1q\timetravel\5_project\window-api-study\windowsproject2\x64\debug\stage1_8btn.obj
d:\1q\timetravel\5_project\window-api-study\windowsproject2\x64\debug\stage2_1btn.obj
d:\1q\timetravel\5_project\window-api-study\windowsproject2\x64\debug\stagerelics.obj
d:\1q\timetravel\5_project\window-api-study\windowsproject2\x64\debug\texture.obj
d:\1q\timetravel\5_project\window-api-study\windowsproject2\x64\debug\texturemanager.obj
d:\1q\timetravel\5_project\window-api-study\windowsproject2\x64\debug\titlebackground.obj
d:\1q\timetravel\5_project\window-api-study\windowsproject2\x64\debug\windowsproject2.obj
d:\1q\timetravel\5_project\window-api-study\output\bin_debug\windowsproject2.exe
d:\1q\timetravel\5_project\window-api-study\windowsproject2\x64\debug\windowsproject2.ilk
d:\1q\timetravel\5_project\window-api-study\output\bin_debug\windowsproject2.pdb
d:\1q\timetravel\5_project\window-api-study\windowsproject2\x64\debug\windowsproject2.res
d:\1q\timetravel\5_project\window-api-study\windowsproject2\x64\debug\windowsproject2.tlog\cl.command.1.tlog
d:\1q\timetravel\5_project\window-api-study\windowsproject2\x64\debug\windowsproject2.tlog\cl.read.1.tlog
d:\1q\timetravel\5_project\window-api-study\windowsproject2\x64\debug\windowsproject2.tlog\cl.write.1.tlog
d:\1q\timetravel\5_project\window-api-study\windowsproject2\x64\debug\windowsproject2.tlog\link.command.1.tlog
d:\1q\timetravel\5_project\window-api-study\windowsproject2\x64\debug\windowsproject2.tlog\link.read.1.tlog
d:\1q\timetravel\5_project\window-api-study\windowsproject2\x64\debug\windowsproject2.tlog\link.write.1.tlog
d:\1q\timetravel\5_project\window-api-study\windowsproject2\x64\debug\windowsproject2.tlog\rc.command.1.tlog
d:\1q\timetravel\5_project\window-api-study\windowsproject2\x64\debug\windowsproject2.tlog\rc.read.1.tlog
d:\1q\timetravel\5_project\window-api-study\windowsproject2\x64\debug\windowsproject2.tlog\rc.write.1.tlog
